Determining if the pthread_create exist failed with the following output:
Change Dir: /users/studs/bsc/2019/mazuze/Desktop/Programming/System-Programming-Labratory/Assignment-3/Client/cmake-build-debug/CMakeFiles/CMakeTmp

Run Build Command:"/usr/bin/make" "cmTC_5d1cf/fast"
/usr/bin/make -f CMakeFiles/cmTC_5d1cf.dir/build.make CMakeFiles/cmTC_5d1cf.dir/build
make[1]: Entering directory '/users/studs/bsc/2019/mazuze/Desktop/Programming/System-Programming-Labratory/Assignment-3/Client/cmake-build-debug/CMakeFiles/CMakeTmp'
Building C object CMakeFiles/cmTC_5d1cf.dir/CheckSymbolExists.c.o
/usr/bin/cc    -o CMakeFiles/cmTC_5d1cf.dir/CheckSymbolExists.c.o   -c /users/studs/bsc/2019/mazuze/Desktop/Programming/System-Programming-Labratory/Assignment-3/Client/cmake-build-debug/CMakeFiles/CMakeTmp/CheckSymbolExists.c
Linking C executable cmTC_5d1cf
/users/studs/bsc/2019/mazuze/Desktop/CLion-2018.2.5/clion-2018.2.5/bin/cmake/linux/bin/cmake -E cmake_link_script CMakeFiles/cmTC_5d1cf.dir/link.txt --verbose=1
/usr/bin/cc      CMakeFiles/cmTC_5d1cf.dir/CheckSymbolExists.c.o  -o cmTC_5d1cf 
CMakeFiles/cmTC_5d1cf.dir/CheckSymbolExists.c.o: In function `main':
CheckSymbolExists.c:(.text+0x1b): undefined reference to `pthread_create'
collect2: error: ld returned 1 exit status
CMakeFiles/cmTC_5d1cf.dir/build.make:86: recipe for target 'cmTC_5d1cf' failed
make[1]: *** [cmTC_5d1cf] Error 1
make[1]: Leaving directory '/users/studs/bsc/2019/mazuze/Desktop/Programming/System-Programming-Labratory/Assignment-3/Client/cmake-build-debug/CMakeFiles/CMakeTmp'
Makefile:121: recipe for target 'cmTC_5d1cf/fast' failed
make: *** [cmTC_5d1cf/fast] Error 2

File /users/studs/bsc/2019/mazuze/Desktop/Programming/System-Programming-Labratory/Assignment-3/Client/cmake-build-debug/CMakeFiles/CMakeTmp/CheckSymbolExists.c:
/* */
#include <pthread.h>

int main(int argc, char** argv)
{
  (void)argv;
#ifndef pthread_create
  return ((int*)(&pthread_create))[argc];
#else
  (void)argc;
  return 0;
#endif
}

Determining if the function pthread_create exists in the pthreads failed with the following output:
Change Dir: /users/studs/bsc/2019/mazuze/Desktop/Programming/System-Programming-Labratory/Assignment-3/Client/cmake-build-debug/CMakeFiles/CMakeTmp

Run Build Command:"/usr/bin/make" "cmTC_9c4af/fast"
/usr/bin/make -f CMakeFiles/cmTC_9c4af.dir/build.make CMakeFiles/cmTC_9c4af.dir/build
make[1]: Entering directory '/users/studs/bsc/2019/mazuze/Desktop/Programming/System-Programming-Labratory/Assignment-3/Client/cmake-build-debug/CMakeFiles/CMakeTmp'
Building C object CMakeFiles/cmTC_9c4af.dir/CheckFunctionExists.c.o
/usr/bin/cc   -DCHECK_FUNCTION_EXISTS=pthread_create   -o CMakeFiles/cmTC_9c4af.dir/CheckFunctionExists.c.o   -c /users/studs/bsc/2019/mazuze/Desktop/CLion-2018.2.5/clion-2018.2.5/bin/cmake/linux/share/cmake-3.12/Modules/CheckFunctionExists.c
Linking C executable cmTC_9c4af
/users/studs/bsc/2019/mazuze/Desktop/CLion-2018.2.5/clion-2018.2.5/bin/cmake/linux/bin/cmake -E cmake_link_script CMakeFiles/cmTC_9c4af.dir/link.txt --verbose=1
/usr/bin/cc  -DCHECK_FUNCTION_EXISTS=pthread_create    CMakeFiles/cmTC_9c4af.dir/CheckFunctionExists.c.o  -o cmTC_9c4af -lpthreads 
/usr/bin/ld: cannot find -lpthreads
collect2: error: ld returned 1 exit status
CMakeFiles/cmTC_9c4af.dir/build.make:86: recipe for target 'cmTC_9c4af' failed
make[1]: *** [cmTC_9c4af] Error 1
make[1]: Leaving directory '/users/studs/bsc/2019/mazuze/Desktop/Programming/System-Programming-Labratory/Assignment-3/Client/cmake-build-debug/CMakeFiles/CMakeTmp'
Makefile:121: recipe for target 'cmTC_9c4af/fast' failed
make: *** [cmTC_9c4af/fast] Error 2


